<?xml version="1.0" encoding="UTF-8"?>
<!-- Generated by org.testng.reporters.JUnitReportReporter -->
<testsuite hostname="DESKTOP-ICG6BLL" failures="0" tests="6" name="com.testng.learning.DriveCar" time="0.016" errors="0" timestamp="2020-11-29T18:41:18 IST" skipped="1">
  <testcase classname="com.testng.learning.DriveCar" name="stopCar" time="0.005"/>
  <system-out/>
  <testcase classname="com.testng.learning.DriveCar" name="startCar" time="0.002"/>
  <system-out/>
  <testcase classname="com.testng.learning.DriveCar" name="putFirstGear" time="0.002"/>
  <system-out/>
  <testcase classname="com.testng.learning.DriveCar" name="putSecondGear" time="0.005"/>
  <system-out/>
  <testcase classname="com.testng.learning.DriveCar" name="putThirdGear" time="0.002"/>
  <system-out/>
  <testcase classname="com.testng.learning.DriveCar" name="putFourthGear">
    <skipped/>
  </testcase> <!-- putFourthGear -->
  <system-out/>
</testsuite> <!-- com.testng.learning.DriveCar -->
