<?xml version="1.0" encoding="UTF-8"?>
<!-- Generated by org.testng.reporters.JUnitReportReporter -->
<testsuite hostname="DESKTOP-ICG6BLL" failures="0" tests="1" name="com.testng.learning.LaunchPage" time="1.749" errors="0" timestamp="2020-11-29T18:41:18 IST" skipped="0">
  <testcase classname="com.testng.learning.LaunchPage" name="launchURL" time="1.749"/>
  <system-out/>
</testsuite> <!-- com.testng.learning.LaunchPage -->
