<?xml version="1.0" encoding="UTF-8"?>
<!-- Generated by org.testng.reporters.JUnitReportReporter -->
<testsuite hostname="DESKTOP-ICG6BLL" failures="0" tests="1" name="com.testng.learning.SuiteExample" time="1.928" errors="0" timestamp="2020-11-29T18:41:18 IST" skipped="0">
  <testcase classname="com.testng.learning.SuiteExample" name="launchURL" time="1.928"/>
  <system-out/>
</testsuite> <!-- com.testng.learning.SuiteExample -->
