<?xml version="1.0" encoding="UTF-8"?>
<!-- Generated by org.testng.reporters.JUnitReportReporter -->
<testsuite hostname="DESKTOP-ICG6BLL" failures="0" tests="1" name="LaunchPage" time="4.366" errors="0" timestamp="2020-11-29T14:05:01 IST" skipped="0">
  <testcase classname="LaunchPage" name="launchURL" time="4.366"/>
  <system-out/>
</testsuite> <!-- LaunchPage -->
