<?xml version="1.0" encoding="UTF-8"?>
<!-- Generated by org.testng.reporters.JUnitReportReporter -->
<testsuite hostname="DESKTOP-ICG6BLL" failures="0" tests="6" name="com.testng.learning.DependencyManagement" time="0.037" errors="0" timestamp="2020-11-29T18:41:18 IST" skipped="0">
  <testcase classname="com.testng.learning.DependencyManagement" name="putThirdGear" time="0.004"/>
  <system-out/>
  <testcase classname="com.testng.learning.DependencyManagement" name="startCar" time="0.015"/>
  <system-out/>
  <testcase classname="com.testng.learning.DependencyManagement" name="putSecondGear" time="0.006"/>
  <system-out/>
  <testcase classname="com.testng.learning.DependencyManagement" name="putFourthGear" time="0.003"/>
  <system-out/>
  <testcase classname="com.testng.learning.DependencyManagement" name="putFirstGear" time="0.006"/>
  <system-out/>
  <testcase classname="com.testng.learning.DependencyManagement" name="stopCar" time="0.003"/>
  <system-out/>
</testsuite> <!-- com.testng.learning.DependencyManagement -->
